build/outputs/logs/manifest-merger-debug-report.txt
-- Merging decision tree log ---
manifest
ADDED from zhangshangfangyuan\AndroidManifest.xml:2:1-62:12
	package
		ADDED from zhangshangfangyuan\AndroidManifest.xml:3:5-28
	android:versionName
		ADDED from zhangshangfangyuan\AndroidManifest.xml:5:5-30
		INJECTED from zhangshangfangyuan\AndroidManifest.xml
		INJECTED from zhangshangfangyuan\AndroidManifest.xml
	android:versionCode
		ADDED from zhangshangfangyuan\AndroidManifest.xml:4:5-28
		INJECTED from zhangshangfangyuan\AndroidManifest.xml
		INJECTED from zhangshangfangyuan\AndroidManifest.xml
	xmlns:android
		ADDED from zhangshangfangyuan\AndroidManifest.xml:2:11-69
uses-sdk
ADDED from zhangshangfangyuan\AndroidManifest.xml:7:5-9:41
MERGED from [com.android.support:support-v4:21.0.3] AndroidManifest.xml:15:5-42
	android:targetSdkVersion
		ADDED from zhangshangfangyuan\AndroidManifest.xml:9:9-38
	android:minSdkVersion
		ADDED from zhangshangfangyuan\AndroidManifest.xml:8:9-35
uses-permission#android.permission.INTERNET
ADDED from zhangshangfangyuan\AndroidManifest.xml:11:5-67
	android:name
		ADDED from zhangshangfangyuan\AndroidManifest.xml:11:22-64
uses-permission#android.permission.WRITE_EXTERNAL_STORAGE
ADDED from zhangshangfangyuan\AndroidManifest.xml:12:5-81
	android:name
		ADDED from zhangshangfangyuan\AndroidManifest.xml:12:22-78
uses-permission#android.permission.ACCESS_WIFI_STATE
ADDED from zhangshangfangyuan\AndroidManifest.xml:13:5-76
	android:name
		ADDED from zhangshangfangyuan\AndroidManifest.xml:13:22-73
uses-permission#android.permission.ACCESS_NETWORK_STATE
ADDED from zhangshangfangyuan\AndroidManifest.xml:14:5-79
	android:name
		ADDED from zhangshangfangyuan\AndroidManifest.xml:14:22-76
uses-permission#android.permission.READ_LOGS
ADDED from zhangshangfangyuan\AndroidManifest.xml:15:5-68
	android:name
		ADDED from zhangshangfangyuan\AndroidManifest.xml:15:22-65
android:uses-permission#android.permission.READ_PHONE_STATE
ADDED from zhangshangfangyuan\AndroidManifest.xml:17:5-83
	android:name
		ADDED from zhangshangfangyuan\AndroidManifest.xml:17:30-80
android:uses-permission#android.permission.READ_EXTERNAL_STORAGE
ADDED from zhangshangfangyuan\AndroidManifest.xml:18:5-88
	android:name
		ADDED from zhangshangfangyuan\AndroidManifest.xml:18:30-85
application
ADDED from zhangshangfangyuan\AndroidManifest.xml:20:5-60:19
MERGED from [com.android.support:support-v4:21.0.3] AndroidManifest.xml:16:5-19
	android:label
		ADDED from zhangshangfangyuan\AndroidManifest.xml:23:9-41
	android:allowBackup
		ADDED from zhangshangfangyuan\AndroidManifest.xml:21:9-35
	android:icon
		ADDED from zhangshangfangyuan\AndroidManifest.xml:22:9-38
	android:theme
		ADDED from zhangshangfangyuan\AndroidManifest.xml:24:9-40
activity#com.fyzs.activity.StartActivity
ADDED from zhangshangfangyuan\AndroidManifest.xml:25:9-34:20
	android:screenOrientation
		ADDED from zhangshangfangyuan\AndroidManifest.xml:28:13-49
	android:label
		ADDED from zhangshangfangyuan\AndroidManifest.xml:27:13-45
	android:name
		ADDED from zhangshangfangyuan\AndroidManifest.xml:26:13-59
intent-filter#android.intent.action.MAIN+android.intent.category.LAUNCHER
ADDED from zhangshangfangyuan\AndroidManifest.xml:29:13-33:29
action#android.intent.action.MAIN
ADDED from zhangshangfangyuan\AndroidManifest.xml:30:17-69
	android:name
		ADDED from zhangshangfangyuan\AndroidManifest.xml:30:25-66
category#android.intent.category.LAUNCHER
ADDED from zhangshangfangyuan\AndroidManifest.xml:32:17-77
	android:name
		ADDED from zhangshangfangyuan\AndroidManifest.xml:32:27-74
activity#com.fyzs.activity.LibrarySearchActivity
ADDED from zhangshangfangyuan\AndroidManifest.xml:35:9-85
	android:name
		ADDED from zhangshangfangyuan\AndroidManifest.xml:35:19-73
activity#com.fyzs.activity.MainActivity
ADDED from zhangshangfangyuan\AndroidManifest.xml:36:9-76
	android:name
		ADDED from zhangshangfangyuan\AndroidManifest.xml:36:19-64
activity#com.fyzs.activity.LibraryActivity
ADDED from zhangshangfangyuan\AndroidManifest.xml:37:9-79
	android:name
		ADDED from zhangshangfangyuan\AndroidManifest.xml:37:19-67
activity#com.fyzs.activity.MessageActivity
ADDED from zhangshangfangyuan\AndroidManifest.xml:38:9-79
	android:name
		ADDED from zhangshangfangyuan\AndroidManifest.xml:38:19-67
activity#com.fyzs.activity.DetailBookActivity
ADDED from zhangshangfangyuan\AndroidManifest.xml:39:9-82
	android:name
		ADDED from zhangshangfangyuan\AndroidManifest.xml:39:19-70
activity#com.fyzs.activity.DangjiActivity
ADDED from zhangshangfangyuan\AndroidManifest.xml:40:9-78
	android:name
		ADDED from zhangshangfangyuan\AndroidManifest.xml:40:19-66
activity#com.fyzs.activity.DJDatiActivity
ADDED from zhangshangfangyuan\AndroidManifest.xml:41:9-78
	android:name
		ADDED from zhangshangfangyuan\AndroidManifest.xml:41:19-66
activity#com.fyzs.activity.MsgDetailActivity
ADDED from zhangshangfangyuan\AndroidManifest.xml:42:9-81
	android:name
		ADDED from zhangshangfangyuan\AndroidManifest.xml:42:19-69
activity#com.fyzs.activity.QueryzaocaoActivity
ADDED from zhangshangfangyuan\AndroidManifest.xml:43:9-83
	android:name
		ADDED from zhangshangfangyuan\AndroidManifest.xml:43:19-71
activity#com.bmob.lostfound.SplashActivity
ADDED from zhangshangfangyuan\AndroidManifest.xml:44:9-47:61
	android:screenOrientation
		ADDED from zhangshangfangyuan\AndroidManifest.xml:47:13-49
	android:label
		ADDED from zhangshangfangyuan\AndroidManifest.xml:46:13-45
	android:name
		ADDED from zhangshangfangyuan\AndroidManifest.xml:45:13-61
activity#com.bmob.lostfound.MainFoundActivity
ADDED from zhangshangfangyuan\AndroidManifest.xml:48:9-52:72
	android:screenOrientation
		ADDED from zhangshangfangyuan\AndroidManifest.xml:51:13-49
	android:label
		ADDED from zhangshangfangyuan\AndroidManifest.xml:50:13-45
	android:windowSoftInputMode
		ADDED from zhangshangfangyuan\AndroidManifest.xml:52:13-60
	android:name
		ADDED from zhangshangfangyuan\AndroidManifest.xml:49:13-64
activity#com.bmob.lostfound.AddActivity
ADDED from zhangshangfangyuan\AndroidManifest.xml:53:9-56:61
	android:screenOrientation
		ADDED from zhangshangfangyuan\AndroidManifest.xml:56:13-49
	android:label
		ADDED from zhangshangfangyuan\AndroidManifest.xml:55:13-45
	android:name
		ADDED from zhangshangfangyuan\AndroidManifest.xml:54:13-58
activity#com.fyzs.activity.LoginActivity
ADDED from zhangshangfangyuan\AndroidManifest.xml:57:9-59:69
	android:label
		ADDED from zhangshangfangyuan\AndroidManifest.xml:59:13-57
	android:name
		ADDED from zhangshangfangyuan\AndroidManifest.xml:58:13-59